<?xml version="1.0" encoding="utf-8"?><testsuites name="pytest tests"><testsuite name="pytest" errors="0" failures="0" skipped="0" tests="9" time="5.797" timestamp="2026-08-17T06:16:14.601240+00:00" hostname="agent-env-fe3ec105-9ec2-48cf-a184-b3696dee94d6"><testcase classname="tests.test_aruco.TestArucoPreseeded" name="test_preseeded_project_exists" time="0.346" /><testcase classname="tests.test_aruco.TestArucoSheet" name="test_sheet_pdf_default_returns_pdf" time="0.394" /><testcase classname="tests.test_aruco.TestArucoPreseeded" name="test_aruco_on_preseeded_project_processed" time="1.950" /><testcase classname="tests.test_aruco.TestArucoSheet" name="test_sheet_pdf_custom_mm" time="0.252" /><testcase classname="tests.test_aruco.TestArucoErrors" name="test_aruco_no_photos_returns_400" time="0.385" /><testcase classname="tests.test_aruco.TestArucoErrors" name="test_aruco_no_markers_returns_422_and_backend_alive" time="2.061" /><testcase classname="tests.test_aruco.TestStitchRegression" name="test_stitch_returns_mosaic_and_backend_stays_up" time="2.165" /><testcase classname="tests.test_aruco.TestExtractRegression" name="test_extract_line" time="1.915" /><testcase classname="tests.test_aruco.TestExtractRegression" name="test_extract_rect" time="1.054" /></testsuite></testsuites>