<?xml version="1.0" encoding="utf-8"?><testsuites name="pytest tests"><testsuite name="pytest" errors="0" failures="0" skipped="0" tests="8" time="11.221" timestamp="2026-08-15T16:23:19.970533+00:00" hostname="agent-env-fe3ec105-9ec2-48cf-a184-b3696dee94d6"><testcase classname="tests.test_vectorize_pipeline" name="test_scritta_black_text_on_white" time="0.756" /><testcase classname="tests.test_vectorize_pipeline" name="test_logo_black_circle_on_white" time="2.070" /><testcase classname="tests.test_vectorize_pipeline" name="test_oggetto_solid_shape" time="1.827" /><testcase classname="tests.test_vectorize_pipeline" name="test_internals_ring_more_than_external_only" time="3.036" /><testcase classname="tests.test_vectorize_pipeline" name="test_manual_threshold_128_invert_true" time="0.556" /><testcase classname="tests.test_vectorize_pipeline" name="test_blank_white_returns_422" time="0.159" /><testcase classname="tests.test_vectorize_pipeline" name="test_target_width_mm_300_scales_output" time="0.572" /><testcase classname="tests.test_vectorize_pipeline" name="test_elements_append_polyline_regression" time="1.921" /></testsuite></testsuites>