<?xml version="1.0" encoding="utf-8"?><testsuites name="pytest tests"><testsuite name="pytest" errors="0" failures="0" skipped="0" tests="10" time="8.429" timestamp="2026-08-15T16:52:16.856739+00:00" hostname="agent-env-fe3ec105-9ec2-48cf-a184-b3696dee94d6"><testcase classname="tests.test_vectorize_roi_circle_threshold" name="test_cerchio_with_clear_circle_returns_polyline" time="0.667" /><testcase classname="tests.test_vectorize_roi_circle_threshold" name="test_cerchio_outline_only_also_detected" time="0.417" /><testcase classname="tests.test_vectorize_roi_circle_threshold" name="test_cerchio_without_circle_returns_422" time="0.064" /><testcase classname="tests.test_vectorize_roi_circle_threshold" name="test_roi_json_crops_and_width_mm_matches_target" time="0.783" /><testcase classname="tests.test_vectorize_roi_circle_threshold" name="test_roi_invalid_json_is_ignored_gracefully" time="0.524" /><testcase classname="tests.test_vectorize_roi_circle_threshold" name="test_manual_threshold_100_invert_true_returns_200" time="1.294" /><testcase classname="tests.test_vectorize_roi_circle_threshold" name="test_regression_other_subjects[scritta-_text_png]" time="0.523" /><testcase classname="tests.test_vectorize_roi_circle_threshold" name="test_regression_other_subjects[logo-_cv_circle_img]" time="1.864" /><testcase classname="tests.test_vectorize_roi_circle_threshold" name="test_regression_other_subjects[oggetto-_rect_solid]" time="1.595" /><testcase classname="tests.test_vectorize_roi_circle_threshold" name="test_blank_still_422" time="0.164" /></testsuite></testsuites>