<?xml version="1.0" encoding="utf-8"?><testsuites name="pytest tests"><testsuite name="pytest" errors="0" failures="0" skipped="0" tests="10" time="4.425" timestamp="2026-08-21T22:44:38.093021+00:00" hostname="agent-env-fe3ec105-9ec2-48cf-a184-b3696dee94d6"><testcase classname="tests.test_cnc_tools.TestTools" name="test_get_tools_returns_4_defaults" time="0.209" /><testcase classname="tests.test_cnc_tools.TestExports" name="test_project_export_single_piece_dxf" time="0.737" /><testcase classname="tests.test_cnc_tools.TestTools" name="test_put_tools_persists" time="0.273" /><testcase classname="tests.test_cnc_tools.TestElementToolPatch" name="test_patch_element_tool_persists" time="0.234" /><testcase classname="tests.test_cnc_tools.TestElementToolPatch" name="test_export_routes_elements_by_tool" time="1.036" /><testcase classname="tests.test_cnc_tools.TestExports" name="test_project_export_dxf_format" time="0.674" /><testcase classname="tests.test_cnc_tools.TestExports" name="test_project_export_svg_still_works" time="0.329" /><testcase classname="tests.test_cnc_tools.TestExports" name="test_project_export_pdf_still_works" time="0.336" /><testcase classname="tests.test_cnc_tools.TestExports" name="test_boat_nested_dxf_four_layers" time="0.617" /><testcase classname="tests.test_cnc_tools.TestExports" name="test_boat_export_dxf_four_layers" time="1.172" /></testsuite></testsuites>