<?xml version="1.0" encoding="utf-8"?><testsuites name="pytest tests"><testsuite name="pytest" errors="0" failures="0" skipped="0" tests="16" time="2.352" timestamp="2026-08-15T11:41:56.102637+00:00" hostname="agent-env-fe3ec105-9ec2-48cf-a184-b3696dee94d6"><testcase classname="tests.test_stitch_and_fill.TestGeometryFill" name="test_fill_diamond_semplice" time="0.283" /><testcase classname="tests.test_stitch_and_fill.TestMultiShotFlow" name="test_01_create_multi_project" time="0.254" /><testcase classname="tests.test_stitch_and_fill.TestMultiShotFlow" name="test_02_add_two_shots" time="0.601" /><testcase classname="tests.test_stitch_and_fill.TestGeometryFill" name="test_fill_diamond_bordato" time="0.051" /><testcase classname="tests.test_stitch_and_fill.TestGeometryFill" name="test_fill_cross_bordato" time="0.049" /><testcase classname="tests.test_stitch_and_fill.TestGeometryFill" name="test_fill_lines_semplice" time="0.049" /><testcase classname="tests.test_stitch_and_fill.TestGeometryFill" name="test_fill_invalid_contour" time="0.046" /><testcase classname="tests.test_stitch_and_fill.TestSingleShotRegression" name="test_01_create" time="0.049" /><testcase classname="tests.test_stitch_and_fill.TestSingleShotRegression" name="test_02_photo_process" time="0.741" /><testcase classname="tests.test_stitch_and_fill.TestMultiShotFlow" name="test_03_list_shots" time="0.044" /><testcase classname="tests.test_stitch_and_fill.TestMultiShotFlow" name="test_04_stitch" time="0.944" /><testcase classname="tests.test_stitch_and_fill.TestSingleShotRegression" name="test_03_preview" time="0.045" /><testcase classname="tests.test_stitch_and_fill.TestSingleShotRegression" name="test_04_export" time="0.282" /><testcase classname="tests.test_stitch_and_fill.TestSingleShotRegression" name="test_99_cleanup" time="0.046" /><testcase classname="tests.test_stitch_and_fill.TestMultiShotFlow" name="test_05_delete_one_shot" time="0.129" /><testcase classname="tests.test_stitch_and_fill.TestMultiShotFlow" name="test_99_cleanup" time="0.044" /></testsuite></testsuites>