<?xml version="1.0" encoding="utf-8"?><testsuites name="pytest tests"><testsuite name="pytest" errors="0" failures="0" skipped="0" tests="9" time="3.524" timestamp="2026-08-16T07:12:39.641153+00:00" hostname="agent-env-fe3ec105-9ec2-48cf-a184-b3696dee94d6"><testcase classname="tests.test_vectorize_potrace.TestLetterWithHole" name="test_letter_o_has_hole" time="0.667" /><testcase classname="tests.test_vectorize_potrace.TestScrittaPotraceSmooth" name="test_eva_returns_smooth_polylines" time="0.618" /><testcase classname="tests.test_vectorize_potrace.TestLogoAutoCircleNotOverridden" name="test_ring_logo_auto_circle" time="0.671" /><testcase classname="tests.test_vectorize_potrace.TestOggettoSmoothOutline" name="test_rounded_rect_smooth" time="0.571" /><testcase classname="tests.test_vectorize_potrace.TestCerchioInternalsRegression" name="test_internals_regression" time="0.489" /><testcase classname="tests.test_vectorize_potrace.TestCleanNoiseRemoval" name="test_clean_reduces_specks" time="1.291" /><testcase classname="tests.test_vectorize_potrace.TestRoiRegression" name="test_roi_crops_to_letter" time="0.891" /><testcase classname="tests.test_vectorize_potrace.TestBlankReturns422" name="test_blank_white_422" time="0.122" /><testcase classname="tests.test_vectorize_potrace.TestElementsAppendRegression" name="test_append_polyline_element" time="0.288" /></testsuite></testsuites>