<?xml version="1.0" encoding="utf-8"?><testsuites name="pytest tests"><testsuite name="pytest" errors="0" failures="0" skipped="0" tests="15" time="7.684" timestamp="2026-08-16T08:30:38.644692+00:00" hostname="agent-env-fe3ec105-9ec2-48cf-a184-b3696dee94d6"><testcase classname="tests.test_photogram.TestPhotos" name="test_upload_photo_returns_id_and_url" time="0.423" /><testcase classname="tests.test_photogram.TestPhotos" name="test_upload_second_photo_increments_order" time="0.208" /><testcase classname="tests.test_photogram.TestPhotos" name="test_list_photos" time="0.044" /><testcase classname="tests.test_photogram.TestPhotos" name="test_photo_file_is_downloadable" time="0.331" /><testcase classname="tests.test_photogram.TestPhotos" name="test_delete_photo_removes_it_and_reorders" time="0.450" /><testcase classname="tests.test_photogram.TestStitch" name="test_stitch_without_photos_returns_400" time="0.128" /><testcase classname="tests.test_photogram.TestStitch" name="test_stitch_with_photos_returns_mosaic" time="0.922" /><testcase classname="tests.test_photogram.TestExtract" name="test_extract_before_stitch_returns_400" time="0.168" /><testcase classname="tests.test_photogram.TestExtract" name="test_extract_line_happy_path" time="0.989" /><testcase classname="tests.test_photogram.TestExtract" name="test_extract_rect_happy_path" time="2.626" /><testcase classname="tests.test_photogram.TestExtract" name="test_extract_line_wrong_point_count" time="0.173" /><testcase classname="tests.test_photogram.TestExtract" name="test_extract_line_zero_length" time="0.208" /><testcase classname="tests.test_photogram.TestExtract" name="test_extract_rect_missing_dims" time="0.258" /><testcase classname="tests.test_photogram.TestExtract" name="test_extract_rect_wrong_point_count" time="0.211" /><testcase classname="tests.test_photogram.TestExtract" name="test_extract_unknown_type" time="0.382" /></testsuite></testsuites>