<?xml version="1.0" encoding="utf-8"?><testsuites name="pytest tests"><testsuite name="pytest" errors="0" failures="0" skipped="0" tests="12" time="10.268" timestamp="2026-08-17T20:00:22.470201+00:00" hostname="agent-env-fe3ec105-9ec2-48cf-a184-b3696dee94d6"><testcase classname="tests.test_auto_tape.TestErrorsAndLiveness" name="test_process_without_photo_returns_400" time="0.575" /><testcase classname="tests.test_auto_tape.TestSingleAutoTape" name="test_single_auto_tape[auto]" time="1.766" /><testcase classname="tests.test_auto_tape.TestErrorsAndLiveness" name="test_photogram_extract_before_stitch_returns_400" time="0.296" /><testcase classname="tests.test_auto_tape.TestErrorsAndLiveness" name="test_photogram_extract_wrong_point_count_returns_422" time="3.192" /><testcase classname="tests.test_auto_tape.TestSingleAutoTape" name="test_single_auto_tape[blu]" time="1.671" /><testcase classname="tests.test_auto_tape.TestSingleAutoTape" name="test_single_auto_tape[giallo]" time="1.488" /><testcase classname="tests.test_auto_tape.TestErrorsAndLiveness" name="test_backend_still_up" time="0.076" /><testcase classname="tests.test_auto_tape.TestNoTapeNoMarker" name="test_plain_photo_still_returns_rectified_and_contour" time="1.523" /><testcase classname="tests.test_auto_tape.TestSingleAutoTape" name="test_single_auto_tape[verde]" time="1.487" /><testcase classname="tests.test_auto_tape.TestMarkerBasedRegression" name="test_5dots_plus_blue_tape" time="1.022" /><testcase classname="tests.test_auto_tape.TestSingleAutoTape" name="test_single_auto_tape[rosso]" time="1.641" /><testcase classname="tests.test_auto_tape.TestPhotogramRegression" name="test_photogram_flow" time="3.060" /></testsuite></testsuites>