<?xml version="1.0" encoding="utf-8"?><testsuites name="pytest tests"><testsuite name="pytest" errors="0" failures="0" skipped="0" tests="16" time="17.468" timestamp="2026-08-15T15:09:25.101598+00:00" hostname="agent-env-fe3ec105-9ec2-48cf-a184-b3696dee94d6"><testcase classname="tests.test_exports_and_vectorize" name="test_project_export_format[dxf-dxf-SECTION]" time="0.754" /><testcase classname="tests.test_exports_and_vectorize" name="test_project_export_format[svg-svg-&lt;svg]" time="4.049" /><testcase classname="tests.test_exports_and_vectorize" name="test_project_export_format[pdf-pdf-%PDF]" time="0.477" /><testcase classname="tests.test_exports_and_vectorize" name="test_project_export_format[png-png-\x89PNG]" time="0.696" /><testcase classname="tests.test_exports_and_vectorize" name="test_project_export_format[gcode-nc-G21]" time="0.496" /><testcase classname="tests.test_exports_and_vectorize" name="test_project_export_dxf_cut_only_omits_engrave" time="1.149" /><testcase classname="tests.test_exports_and_vectorize" name="test_project_export_gcode_mach3_no_engrave" time="0.405" /><testcase classname="tests.test_exports_and_vectorize" name="test_boat_export_format[dxf-dxf]" time="1.471" /><testcase classname="tests.test_exports_and_vectorize" name="test_boat_export_format[svg-svg]" time="0.411" /><testcase classname="tests.test_exports_and_vectorize" name="test_boat_export_format[pdf-pdf]" time="0.499" /><testcase classname="tests.test_exports_and_vectorize" name="test_boat_export_format[png-png]" time="0.632" /><testcase classname="tests.test_exports_and_vectorize" name="test_boat_export_format[gcode-nc]" time="0.311" /><testcase classname="tests.test_exports_and_vectorize" name="test_boat_export_dxf_cut_only" time="4.375" /><testcase classname="tests.test_exports_and_vectorize" name="test_vectorize_success" time="0.958" /><testcase classname="tests.test_exports_and_vectorize" name="test_vectorize_blank_returns_422" time="0.060" /><testcase classname="tests.test_exports_and_vectorize" name="test_add_element_sets_edited_and_appends" time="0.342" /></testsuite></testsuites>