<?xml version="1.0" encoding="utf-8"?><testsuites name="pytest tests"><testsuite name="pytest" errors="0" failures="0" skipped="0" tests="16" time="3.038" timestamp="2026-08-15T14:16:47.792361+00:00" hostname="agent-env-fe3ec105-9ec2-48cf-a184-b3696dee94d6"><testcase classname="tests.test_boats_api.TestBoatPiecesAndAssembly" name="test_00_empty_boat_assembly_returns_422" time="0.467" /><testcase classname="tests.test_boats_api.TestBoatsCRUD" name="test_list_contains_new_boat" time="0.332" /><testcase classname="tests.test_boats_api.TestBoatsCRUD" name="test_get_boat_empty_pieces" time="0.109" /><testcase classname="tests.test_boats_api.TestBoatsCRUD" name="test_patch_boat_rename" time="0.153" /><testcase classname="tests.test_boats_api.TestBoatPiecesAndAssembly" name="test_01_create_two_pieces" time="0.183" /><testcase classname="tests.test_boats_api.TestBoatsCRUD" name="test_get_boat_invalid_id" time="0.055" /><testcase classname="tests.test_boats_api.TestBoatsCRUD" name="test_get_boat_missing" time="0.148" /><testcase classname="tests.test_boats_api.TestBoatPiecesAndAssembly" name="test_02_filter_projects_by_boat_id" time="0.047" /><testcase classname="tests.test_boats_api.TestBoatPiecesAndAssembly" name="test_03_boat_get_returns_pieces_array" time="0.055" /><testcase classname="tests.test_boats_api.TestBoatPiecesAndAssembly" name="test_04_boats_list_piece_count" time="0.086" /><testcase classname="tests.test_boats_api.TestBoatPiecesAndAssembly" name="test_05_assembly_before_contour_returns_422" time="0.049" /><testcase classname="tests.test_boats_api.TestBoatPiecesAndAssembly" name="test_06_patch_contour_on_pieces" time="0.179" /><testcase classname="tests.test_boats_api.TestBoatPiecesAndAssembly" name="test_07_boat_assembly_pdf" time="0.694" /><testcase classname="tests.test_boats_api.TestBoatPiecesAndAssembly" name="test_08_boat_nested_dxf" time="0.526" /><testcase classname="tests.test_boats_api.TestBoatPiecesAndAssembly" name="test_09_cascade_soft_delete_pieces" time="0.276" /><testcase classname="tests.test_boats_api.TestBoatPiecesAndAssembly" name="test_10_cleanup_pieces" time="0.153" /></testsuite></testsuites>