<?xml version="1.0" encoding="utf-8"?><testsuites name="pytest tests"><testsuite name="pytest" errors="0" failures="0" skipped="0" tests="9" time="5.511" timestamp="2026-08-15T23:26:46.163630+00:00" hostname="agent-env-fe3ec105-9ec2-48cf-a184-b3696dee94d6"><testcase classname="tests.test_vectorize_auto_circle" name="test_logo_on_centered_circle_returns_clean_circle" time="0.646" /><testcase classname="tests.test_vectorize_auto_circle" name="test_oggetto_on_centered_circle_returns_clean_circle" time="0.515" /><testcase classname="tests.test_vectorize_auto_circle" name="test_cerchio_on_centered_circle_returns_circle_polyline" time="0.551" /><testcase classname="tests.test_vectorize_auto_circle" name="test_cerchio_on_filled_disc_uses_fallback" time="0.411" /><testcase classname="tests.test_vectorize_auto_circle" name="test_logo_on_text_abc_is_not_forced_circle" time="1.045" /><testcase classname="tests.test_vectorize_auto_circle" name="test_scritta_on_text_never_auto_circled" time="0.598" /><testcase classname="tests.test_vectorize_auto_circle" name="test_logo_on_offcenter_rectangle_is_traced_polygon" time="0.687" /><testcase classname="tests.test_vectorize_auto_circle" name="test_blank_returns_422" time="0.164" /><testcase classname="tests.test_vectorize_auto_circle" name="test_manual_threshold_disables_auto_circle_on_text" time="0.354" /></testsuite></testsuites>