<?xml version="1.0" encoding="utf-8"?><testsuites name="pytest tests"><testsuite name="pytest" errors="0" failures="0" skipped="0" tests="5" time="3.719" timestamp="2026-08-16T07:43:34.367020+00:00" hostname="agent-env-fe3ec105-9ec2-48cf-a184-b3696dee94d6"><testcase classname="tests.test_vectorize_color_mode.TestScrittaRegression" name="test_scritta_black_text" time="0.643" /><testcase classname="tests.test_vectorize_color_mode.TestColoreMode" name="test_colore_full_pipeline" time="1.042" /><testcase classname="tests.test_vectorize_color_mode.TestCerchioRegression" name="test_cerchio_circle_polyline" time="0.631" /><testcase classname="tests.test_vectorize_color_mode.TestColoreMode" name="test_colore_preview_and_dxf_fetchable" time="1.377" /><testcase classname="tests.test_vectorize_color_mode.TestLogoRegression" name="test_logo_dark_shape" time="0.720" /></testsuite></testsuites>