<?xml version="1.0" encoding="utf-8"?><testsuites name="pytest tests"><testsuite name="pytest" errors="0" failures="0" skipped="0" tests="8" time="23.755" timestamp="2026-08-16T07:03:18.674775+00:00" hostname="agent-env-fe3ec105-9ec2-48cf-a184-b3696dee94d6"><testcase classname="tests.test_vectorize_internals_clean_center.TestCerchioInternals" name="test_internals_true_returns_multiple_polys" time="0.576" /><testcase classname="tests.test_vectorize_internals_clean_center.TestRegressions" name="test_logo_on_centered_ring_auto_circles" time="0.493" /><testcase classname="tests.test_vectorize_internals_clean_center.TestRegressions" name="test_scritta_on_text_returns_polys" time="0.542" /><testcase classname="tests.test_vectorize_internals_clean_center.TestCerchioInternals" name="test_internals_false_returns_single_circle" time="0.552" /><testcase classname="tests.test_vectorize_internals_clean_center.TestRegressions" name="test_blank_white_returns_422" time="0.297" /><testcase classname="tests.test_vectorize_internals_clean_center.TestCleanNoiseRemoval" name="test_clean_true_le_clean_false" time="12.254" /><testcase classname="tests.test_vectorize_internals_clean_center.TestCerchioPrefersCentered" name="test_two_circles_picks_centered_smaller" time="0.839" /><testcase classname="tests.test_vectorize_internals_clean_center.TestCleanNoiseRemoval" name="test_clean_default_form_field_still_works" time="9.851" /></testsuite></testsuites>