<?xml version="1.0" encoding="utf-8"?><testsuites name="pytest tests"><testsuite name="pytest" errors="0" failures="0" skipped="0" tests="8" time="3.733" timestamp="2026-08-21T23:17:47.558556+00:00" hostname="agent-env-fe3ec105-9ec2-48cf-a184-b3696dee94d6"><testcase classname="tests.test_gcode_tools_and_bordo.TestBoatNestedExports" name="test_boat_nested_gcode_has_tool_sections" time="0.923" /><testcase classname="tests.test_gcode_tools_and_bordo.TestProjectGcodePerTool" name="test_gcode_export_has_sections_and_tool_changes" time="1.004" /><testcase classname="tests.test_gcode_tools_and_bordo.TestBoatNestedExports" name="test_boat_nested_dxf_has_bordo_layer" time="1.479" /><testcase classname="tests.test_gcode_tools_and_bordo.TestProjectGcodePerTool" name="test_gcode_uses_per_tool_feed_and_depth" time="0.673" /><testcase classname="tests.test_gcode_tools_and_bordo.TestLegacyExports" name="test_project_dxf_export_ok" time="0.444" /><testcase classname="tests.test_gcode_tools_and_bordo.TestLegacyExports" name="test_project_svg_export_ok" time="0.271" /><testcase classname="tests.test_gcode_tools_and_bordo.TestToolsList" name="test_five_tools_including_bordo" time="0.061" /><testcase classname="tests.test_gcode_tools_and_bordo.TestBordoElementRoutesToLayer" name="test_element_tool_bordo_creates_bordo_layer_polyline" time="0.733" /></testsuite></testsuites>