<?xml version="1.0" encoding="utf-8"?><testsuites name="pytest tests"><testsuite name="pytest" errors="0" failures="0" skipped="0" tests="17" time="2.325" timestamp="2026-08-15T10:48:04.313606+00:00" hostname="agent-env-fe3ec105-9ec2-48cf-a184-b3696dee94d6"><testcase classname="tests.test_boat_mat_api" name="test_health" time="0.278" /><testcase classname="tests.test_boat_mat_api.TestProjectLifecycle" name="test_01_create" time="0.250" /><testcase classname="tests.test_boat_mat_api.TestProjectLifecycle" name="test_02_list_contains" time="0.046" /><testcase classname="tests.test_boat_mat_api" name="test_patterns" time="0.088" /><testcase classname="tests.test_boat_mat_api.TestProjectLifecycle" name="test_03_get" time="0.047" /><testcase classname="tests.test_boat_mat_api.TestProjectLifecycle" name="test_04_upload_photo" time="0.412" /><testcase classname="tests.test_boat_mat_api" name="test_get_project_invalid_id" time="0.046" /><testcase classname="tests.test_boat_mat_api" name="test_get_project_missing" time="0.047" /><testcase classname="tests.test_boat_mat_api.TestGeometry" name="test_text" time="0.073" /><testcase classname="tests.test_boat_mat_api.TestGeometry" name="test_track" time="0.047" /><testcase classname="tests.test_boat_mat_api.TestGeometry" name="test_svg" time="0.046" /><testcase classname="tests.test_boat_mat_api.TestGeometry" name="test_svg_invalid" time="0.045" /><testcase classname="tests.test_boat_mat_api.TestProjectLifecycle" name="test_05_process" time="0.536" /><testcase classname="tests.test_boat_mat_api.TestProjectLifecycle" name="test_06_patch_updates" time="0.088" /><testcase classname="tests.test_boat_mat_api.TestProjectLifecycle" name="test_07_preview" time="0.046" /><testcase classname="tests.test_boat_mat_api.TestProjectLifecycle" name="test_08_export_dxf" time="0.413" /><testcase classname="tests.test_boat_mat_api.TestProjectLifecycle" name="test_09_delete" time="0.174" /></testsuite></testsuites>